<?xml version="1.0" encoding="UTF-8" ?>
<testsuite tests="11" failures="0" name="TestConjunt" time="4.109" errors="0" skipped="0">
  <properties>
[...]
</properties>
  <testcase classname="TestConjunt" name="afegirTest" time="0.013"/>
  <testcase classname="TestConjunt" name="buitTest" time="0.001"/>
  <testcase classname="TestConjunt" name="interseccioTest" time="0"/>
  <testcase classname="TestConjunt" name="unioTest" time="0"/>
  <testcase classname="TestConjunt" name="diferenciaTest" time="0.001"/>
  <testcase classname="TestConjunt" name="equalsTest" time="0.072"/>
  <testcase classname="TestConjunt" name="inscritTest" time="0"/>
  <testcase classname="TestConjunt" name="diferenciaSimetricaTest" time="0"/>
  <testcase classname="TestConjunt" name="toStringTest" time="4.021"/>
  <testcase classname="TestConjunt" name="eliminarTest" time="0"/>
  <testcase classname="TestConjunt" name="constructorTestSize" time="0.001"/>
</testsuite>